<?xml version="1.0" encoding="UTF-8"?>
<!-- Generated by org.testng.reporters.JUnitXMLReporter -->
<testsuite ignored="0" hostname="DESKTOP-G1QB867" failures="0" tests="4" name="Default test" time="1.722" errors="0" timestamp="2025-04-22T21:36:41 IST">
  <testcase classname="testscript.Basetest" name="tc01" time="0.023"/>
  <testcase classname="testscript.Basetest" name="tc01" time="0.008"/>
  <testcase classname="testscript.Basetest" name="tc01" time="0.007"/>
  <testcase classname="testscript.Basetest" name="tc01" time="0.005"/>
</testsuite> <!-- Default test -->
