<?xml version="1.0" encoding="UTF-8"?>
<!-- Generated by org.testng.reporters.JUnitXMLReporter -->
<testsuite ignored="1" hostname="DESKTOP-G1QB867" failures="1" tests="2" name="Test" time="1.062" errors="0" timestamp="2025-04-28T21:28:31 IST">
  <testcase classname="testscript.Basetest" name="tc02" time="0.049"/>
  <testcase classname="testscript.Basetest" name="tc03" time="0.021">
    <failure type="java.lang.AssertionError" message="expected [true] but found [false]">
      <![CDATA[java.lang.AssertionError: expected [true] but found [false]
at testscript.Basetest.tc03(Basetest.java:42)
at java.base/java.util.ArrayList.forEach(ArrayList.java:1596)
... Removed 29 stack frames]]>
    </failure>
  </testcase> <!-- tc03 -->
  <testcase classname="testscript.Basetest" name="tc01" time="0.0">
    <ignored/>
  </testcase> <!-- tc01 -->
</testsuite> <!-- Test -->
