<?xml version="1.0" encoding="UTF-8"?>
<testng-results ignored="0" total="1" passed="1" failed="0" skipped="0">
  <reporter-output>
  </reporter-output>
  <suite started-at="2025-04-10T21:27:55 IST" name="Default suite" finished-at="2025-04-10T21:28:03 IST" duration-ms="7352">
    <groups>
    </groups>
    <test started-at="2025-04-10T21:27:55 IST" name="Default test" finished-at="2025-04-10T21:28:03 IST" duration-ms="7352">
      <class name="testscript.Basetest">
        <test-method signature="tc01()[pri:0, instance:testscript.Basetest@7cc0cdad]" started-at="2025-04-10T21:27:55 IST" name="tc01" finished-at="2025-04-10T21:28:03 IST" duration-ms="7256" status="PASS">
          <reporter-output>
          </reporter-output>
        </test-method> <!-- tc01 -->
      </class> <!-- testscript.Basetest -->
    </test> <!-- Default test -->
  </suite> <!-- Default suite -->
</testng-results>
