<?xml version="1.0" encoding="UTF-8"?>
<testng-results ignored="0" total="4" passed="4" failed="0" skipped="0">
  <reporter-output>
  </reporter-output>
  <suite started-at="2025-04-23T21:22:03 IST" name="Suite" finished-at="2025-04-23T21:22:05 IST" duration-ms="1676">
    <groups>
    </groups>
    <test started-at="2025-04-23T21:22:03 IST" name="Test" finished-at="2025-04-23T21:22:05 IST" duration-ms="1676">
      <class name="testscript.Basetest">
        <test-method signature="tc01(java.lang.String,java.lang.String)[pri:0, instance:testscript.Basetest@175c2241]" started-at="2025-04-23T21:22:05 IST" name="tc01" data-provider="excelData" finished-at="2025-04-23T21:22:05 IST" duration-ms="15" status="PASS">
          <params>
            <param index="0">
              <value>
                <![CDATA[rishabh@123]]>
              </value>
            </param>
            <param index="1">
              <value>
                <![CDATA[admin123]]>
              </value>
            </param>
          </params>
          <reporter-output>
          </reporter-output>
        </test-method> <!-- tc01 -->
        <test-method signature="tc01(java.lang.String,java.lang.String)[pri:0, instance:testscript.Basetest@175c2241]" started-at="2025-04-23T21:22:05 IST" name="tc01" data-provider="excelData" finished-at="2025-04-23T21:22:05 IST" duration-ms="5" status="PASS">
          <params>
            <param index="0">
              <value>
                <![CDATA[drig@123]]>
              </value>
            </param>
            <param index="1">
              <value>
                <![CDATA[admin456]]>
              </value>
            </param>
          </params>
          <reporter-output>
          </reporter-output>
        </test-method> <!-- tc01 -->
        <test-method signature="tc01(java.lang.String,java.lang.String)[pri:0, instance:testscript.Basetest@175c2241]" started-at="2025-04-23T21:22:05 IST" name="tc01" data-provider="excelData" finished-at="2025-04-23T21:22:05 IST" duration-ms="6" status="PASS">
          <params>
            <param index="0">
              <value>
                <![CDATA[upasana@123]]>
              </value>
            </param>
            <param index="1">
              <value>
                <![CDATA[admin789]]>
              </value>
            </param>
          </params>
          <reporter-output>
          </reporter-output>
        </test-method> <!-- tc01 -->
        <test-method signature="tc01(java.lang.String,java.lang.String)[pri:0, instance:testscript.Basetest@175c2241]" started-at="2025-04-23T21:22:05 IST" name="tc01" data-provider="excelData" finished-at="2025-04-23T21:22:05 IST" duration-ms="14" status="PASS">
          <params>
            <param index="0">
              <value>
                <![CDATA[meghna@123]]>
              </value>
            </param>
            <param index="1">
              <value>
                <![CDATA[admin20]]>
              </value>
            </param>
          </params>
          <reporter-output>
          </reporter-output>
        </test-method> <!-- tc01 -->
      </class> <!-- testscript.Basetest -->
    </test> <!-- Test -->
  </suite> <!-- Suite -->
</testng-results>
